{
    "meta": {
        "format": 2,
        "version": "7.5.1",
        "timestamp": "2024-05-25T19:38:25.120378",
        "branch_coverage": false,
        "show_contexts": false
    },
    "files": {
        "config\\__init__.py": {
            "executed_lines": [
                0
            ],
            "summary": {
                "covered_lines": 0,
                "num_statements": 0,
                "percent_covered": 100.0,
                "percent_covered_display": "100",
                "missing_lines": 0,
                "excluded_lines": 0
            },
            "missing_lines": [],
            "excluded_lines": []
        },
        "config\\asgi.py": {
            "executed_lines": [],
            "summary": {
                "covered_lines": 0,
                "num_statements": 4,
                "percent_covered": 0.0,
                "percent_covered_display": "0",
                "missing_lines": 4,
                "excluded_lines": 0
            },
            "missing_lines": [
                10,
                12,
                14,
                16
            ],
            "excluded_lines": []
        },
        "config\\settings.py": {
            "executed_lines": [
                1,
                13,
                14,
                15,
                18,
                20,
                21,
                27,
                30,
                32,
                37,
                51,
                61,
                63,
                79,
                85,
                100,
                119,
                121,
                123,
                125,
                131,
                133,
                134,
                139,
                141,
                143
            ],
            "summary": {
                "covered_lines": 26,
                "num_statements": 26,
                "percent_covered": 100.0,
                "percent_covered_display": "100",
                "missing_lines": 0,
                "excluded_lines": 0
            },
            "missing_lines": [],
            "excluded_lines": []
        },
        "config\\urls.py": {
            "executed_lines": [
                1,
                17,
                18,
                20
            ],
            "summary": {
                "covered_lines": 3,
                "num_statements": 3,
                "percent_covered": 100.0,
                "percent_covered_display": "100",
                "missing_lines": 0,
                "excluded_lines": 0
            },
            "missing_lines": [],
            "excluded_lines": []
        },
        "config\\wsgi.py": {
            "executed_lines": [],
            "summary": {
                "covered_lines": 0,
                "num_statements": 4,
                "percent_covered": 0.0,
                "percent_covered_display": "0",
                "missing_lines": 4,
                "excluded_lines": 0
            },
            "missing_lines": [
                10,
                12,
                14,
                16
            ],
            "excluded_lines": []
        },
        "manage.py": {
            "executed_lines": [
                2,
                3,
                4,
                7,
                9,
                10,
                11,
                18,
                21,
                22
            ],
            "summary": {
                "covered_lines": 10,
                "num_statements": 12,
                "percent_covered": 83.33333333333333,
                "percent_covered_display": "83",
                "missing_lines": 2,
                "excluded_lines": 0
            },
            "missing_lines": [
                12,
                13
            ],
            "excluded_lines": []
        },
        "materials\\__init__.py": {
            "executed_lines": [
                0
            ],
            "summary": {
                "covered_lines": 0,
                "num_statements": 0,
                "percent_covered": 100.0,
                "percent_covered_display": "100",
                "missing_lines": 0,
                "excluded_lines": 0
            },
            "missing_lines": [],
            "excluded_lines": []
        },
        "materials\\admin.py": {
            "executed_lines": [
                1,
                3,
                5,
                7
            ],
            "summary": {
                "covered_lines": 4,
                "num_statements": 4,
                "percent_covered": 100.0,
                "percent_covered_display": "100",
                "missing_lines": 0,
                "excluded_lines": 0
            },
            "missing_lines": [],
            "excluded_lines": []
        },
        "materials\\apps.py": {
            "executed_lines": [
                1,
                4,
                5,
                6
            ],
            "summary": {
                "covered_lines": 4,
                "num_statements": 4,
                "percent_covered": 100.0,
                "percent_covered_display": "100",
                "missing_lines": 0,
                "excluded_lines": 0
            },
            "missing_lines": [],
            "excluded_lines": []
        },
        "materials\\migrations\\0001_initial.py": {
            "executed_lines": [
                3,
                4,
                7,
                9,
                11,
                14
            ],
            "summary": {
                "covered_lines": 6,
                "num_statements": 6,
                "percent_covered": 100.0,
                "percent_covered_display": "100",
                "missing_lines": 0,
                "excluded_lines": 0
            },
            "missing_lines": [],
            "excluded_lines": []
        },
        "materials\\migrations\\0002_course_owner_lesson_owner.py": {
            "executed_lines": [
                3,
                4,
                5,
                8,
                10,
                15
            ],
            "summary": {
                "covered_lines": 6,
                "num_statements": 6,
                "percent_covered": 100.0,
                "percent_covered_display": "100",
                "missing_lines": 0,
                "excluded_lines": 0
            },
            "missing_lines": [],
            "excluded_lines": []
        },
        "materials\\migrations\\0003_lesson_video_url_subscription.py": {
            "executed_lines": [
                3,
                4,
                5,
                8,
                10,
                15
            ],
            "summary": {
                "covered_lines": 6,
                "num_statements": 6,
                "percent_covered": 100.0,
                "percent_covered_display": "100",
                "missing_lines": 0,
                "excluded_lines": 0
            },
            "missing_lines": [],
            "excluded_lines": []
        },
        "materials\\migrations\\__init__.py": {
            "executed_lines": [
                0
            ],
            "summary": {
                "covered_lines": 0,
                "num_statements": 0,
                "percent_covered": 100.0,
                "percent_covered_display": "100",
                "missing_lines": 0,
                "excluded_lines": 0
            },
            "missing_lines": [],
            "excluded_lines": []
        },
        "materials\\models.py": {
            "executed_lines": [
                1,
                2,
                5,
                8,
                9,
                10,
                11,
                12,
                14,
                17,
                18,
                19,
                22,
                23,
                24,
                25,
                26,
                27,
                28,
                30,
                33,
                34,
                35,
                38,
                39,
                40,
                42,
                45,
                46,
                47
            ],
            "summary": {
                "covered_lines": 30,
                "num_statements": 33,
                "percent_covered": 90.9090909090909,
                "percent_covered_display": "91",
                "missing_lines": 3,
                "excluded_lines": 0
            },
            "missing_lines": [
                15,
                31,
                43
            ],
            "excluded_lines": []
        },
        "materials\\paginators.py": {
            "executed_lines": [
                1,
                4,
                5,
                6,
                7,
                10,
                11,
                12,
                13
            ],
            "summary": {
                "covered_lines": 9,
                "num_statements": 9,
                "percent_covered": 100.0,
                "percent_covered_display": "100",
                "missing_lines": 0,
                "excluded_lines": 0
            },
            "missing_lines": [],
            "excluded_lines": []
        },
        "materials\\serializers.py": {
            "executed_lines": [
                1,
                2,
                4,
                5,
                8,
                9,
                10,
                11,
                12,
                18,
                19,
                20,
                21,
                22,
                29,
                30,
                31,
                33,
                36,
                37,
                38,
                41,
                42,
                43,
                44,
                45
            ],
            "summary": {
                "covered_lines": 26,
                "num_statements": 27,
                "percent_covered": 96.29629629629629,
                "percent_covered_display": "96",
                "missing_lines": 1,
                "excluded_lines": 0
            },
            "missing_lines": [
                34
            ],
            "excluded_lines": []
        },
        "materials\\tests.py": {
            "executed_lines": [
                1,
                2,
                3,
                5,
                6,
                9,
                10,
                11,
                12,
                13,
                14,
                15,
                18,
                19,
                22,
                24,
                25,
                27,
                28,
                29,
                31,
                32,
                34,
                35,
                36,
                37,
                39,
                41,
                42,
                43,
                44,
                46,
                47,
                48,
                50,
                51,
                53,
                54,
                55,
                57,
                60,
                62,
                63,
                64,
                68,
                69,
                74,
                75,
                80,
                81,
                83,
                84,
                89,
                90,
                91,
                93,
                94,
                95,
                97,
                98,
                102,
                104,
                108,
                110,
                112,
                113,
                114
            ],
            "summary": {
                "covered_lines": 67,
                "num_statements": 67,
                "percent_covered": 100.0,
                "percent_covered_display": "100",
                "missing_lines": 0,
                "excluded_lines": 0
            },
            "missing_lines": [],
            "excluded_lines": []
        },
        "materials\\urls.py": {
            "executed_lines": [
                1,
                2,
                4,
                5,
                9,
                11,
                12,
                13
            ],
            "summary": {
                "covered_lines": 8,
                "num_statements": 8,
                "percent_covered": 100.0,
                "percent_covered_display": "100",
                "missing_lines": 0,
                "excluded_lines": 0
            },
            "missing_lines": [],
            "excluded_lines": []
        },
        "materials\\validators.py": {
            "executed_lines": [
                1,
                2,
                4,
                7,
                9,
                10,
                12,
                13,
                14,
                15,
                19,
                20,
                21,
                23,
                24,
                25,
                29,
                30
            ],
            "summary": {
                "covered_lines": 18,
                "num_statements": 25,
                "percent_covered": 72.0,
                "percent_covered_display": "72",
                "missing_lines": 7,
                "excluded_lines": 0
            },
            "missing_lines": [
                16,
                26,
                31,
                32,
                33,
                34,
                35
            ],
            "excluded_lines": []
        },
        "materials\\views.py": {
            "executed_lines": [
                1,
                2,
                3,
                4,
                5,
                6,
                8,
                9,
                10,
                11,
                14,
                15,
                17,
                22,
                31,
                37,
                38,
                39,
                40,
                42,
                43,
                44,
                45,
                48,
                49,
                50,
                51,
                52,
                55,
                56,
                57,
                58,
                61,
                62,
                63,
                64,
                67,
                68,
                69,
                70,
                73,
                74,
                75,
                77,
                78,
                79,
                80,
                81,
                83,
                84,
                85,
                86,
                88,
                89,
                90,
                92,
                95,
                96,
                97,
                98,
                99
            ],
            "summary": {
                "covered_lines": 61,
                "num_statements": 74,
                "percent_covered": 82.43243243243244,
                "percent_covered_display": "82",
                "missing_lines": 13,
                "excluded_lines": 0
            },
            "missing_lines": [
                18,
                19,
                20,
                23,
                24,
                25,
                26,
                27,
                28,
                29,
                32,
                33,
                34
            ],
            "excluded_lines": []
        },
        "users\\__init__.py": {
            "executed_lines": [
                0
            ],
            "summary": {
                "covered_lines": 0,
                "num_statements": 0,
                "percent_covered": 100.0,
                "percent_covered_display": "100",
                "missing_lines": 0,
                "excluded_lines": 0
            },
            "missing_lines": [],
            "excluded_lines": []
        },
        "users\\admin.py": {
            "executed_lines": [
                1,
                3,
                5,
                7
            ],
            "summary": {
                "covered_lines": 4,
                "num_statements": 4,
                "percent_covered": 100.0,
                "percent_covered_display": "100",
                "missing_lines": 0,
                "excluded_lines": 0
            },
            "missing_lines": [],
            "excluded_lines": []
        },
        "users\\apps.py": {
            "executed_lines": [
                1,
                4,
                5,
                6
            ],
            "summary": {
                "covered_lines": 4,
                "num_statements": 4,
                "percent_covered": 100.0,
                "percent_covered_display": "100",
                "missing_lines": 0,
                "excluded_lines": 0
            },
            "missing_lines": [],
            "excluded_lines": []
        },
        "users\\migrations\\0001_initial.py": {
            "executed_lines": [
                3,
                4,
                5,
                8,
                10,
                12,
                16
            ],
            "summary": {
                "covered_lines": 7,
                "num_statements": 7,
                "percent_covered": 100.0,
                "percent_covered_display": "100",
                "missing_lines": 0,
                "excluded_lines": 0
            },
            "missing_lines": [],
            "excluded_lines": []
        },
        "users\\migrations\\0002_pay.py": {
            "executed_lines": [
                3,
                4,
                5,
                8,
                10,
                15
            ],
            "summary": {
                "covered_lines": 6,
                "num_statements": 6,
                "percent_covered": 100.0,
                "percent_covered_display": "100",
                "missing_lines": 0,
                "excluded_lines": 0
            },
            "missing_lines": [],
            "excluded_lines": []
        },
        "users\\migrations\\0003_alter_pay_payment_method.py": {
            "executed_lines": [
                3,
                6,
                8,
                12
            ],
            "summary": {
                "covered_lines": 4,
                "num_statements": 4,
                "percent_covered": 100.0,
                "percent_covered_display": "100",
                "missing_lines": 0,
                "excluded_lines": 0
            },
            "missing_lines": [],
            "excluded_lines": []
        },
        "users\\migrations\\0004_alter_pay_payment_method.py": {
            "executed_lines": [
                3,
                6,
                8,
                12
            ],
            "summary": {
                "covered_lines": 4,
                "num_statements": 4,
                "percent_covered": 100.0,
                "percent_covered_display": "100",
                "missing_lines": 0,
                "excluded_lines": 0
            },
            "missing_lines": [],
            "excluded_lines": []
        },
        "users\\migrations\\__init__.py": {
            "executed_lines": [
                0
            ],
            "summary": {
                "covered_lines": 0,
                "num_statements": 0,
                "percent_covered": 100.0,
                "percent_covered_display": "100",
                "missing_lines": 0,
                "excluded_lines": 0
            },
            "missing_lines": [],
            "excluded_lines": []
        },
        "users\\models.py": {
            "executed_lines": [
                1,
                2,
                4,
                6,
                9,
                10,
                11,
                12,
                13,
                14,
                16,
                17,
                19,
                22,
                23,
                24,
                27,
                28,
                32,
                33,
                34,
                35,
                36,
                37,
                39,
                44,
                45,
                46
            ],
            "summary": {
                "covered_lines": 28,
                "num_statements": 32,
                "percent_covered": 87.5,
                "percent_covered_display": "88",
                "missing_lines": 4,
                "excluded_lines": 0
            },
            "missing_lines": [
                20,
                40,
                41,
                42
            ],
            "excluded_lines": []
        },
        "users\\permissions.py": {
            "executed_lines": [
                1,
                4,
                5,
                6,
                9,
                10,
                11
            ],
            "summary": {
                "covered_lines": 7,
                "num_statements": 7,
                "percent_covered": 100.0,
                "percent_covered_display": "100",
                "missing_lines": 0,
                "excluded_lines": 0
            },
            "missing_lines": [],
            "excluded_lines": []
        },
        "users\\serializers.py": {
            "executed_lines": [
                1,
                3,
                6,
                7,
                8,
                9,
                12,
                13,
                15,
                16,
                17,
                20,
                22,
                23,
                24
            ],
            "summary": {
                "covered_lines": 15,
                "num_statements": 15,
                "percent_covered": 100.0,
                "percent_covered_display": "100",
                "missing_lines": 0,
                "excluded_lines": 0
            },
            "missing_lines": [],
            "excluded_lines": []
        },
        "users\\tests.py": {
            "executed_lines": [
                1
            ],
            "summary": {
                "covered_lines": 1,
                "num_statements": 1,
                "percent_covered": 100.0,
                "percent_covered_display": "100",
                "missing_lines": 0,
                "excluded_lines": 0
            },
            "missing_lines": [],
            "excluded_lines": []
        },
        "users\\urls.py": {
            "executed_lines": [
                1,
                2,
                3,
                4,
                6,
                7,
                9,
                11,
                12,
                13
            ],
            "summary": {
                "covered_lines": 10,
                "num_statements": 10,
                "percent_covered": 100.0,
                "percent_covered_display": "100",
                "missing_lines": 0,
                "excluded_lines": 0
            },
            "missing_lines": [],
            "excluded_lines": []
        },
        "users\\views.py": {
            "executed_lines": [
                1,
                2,
                3,
                4,
                5,
                7,
                8,
                11,
                12,
                13,
                24,
                29,
                35,
                36,
                37,
                38,
                39,
                40
            ],
            "summary": {
                "covered_lines": 18,
                "num_statements": 24,
                "percent_covered": 75.0,
                "percent_covered_display": "75",
                "missing_lines": 6,
                "excluded_lines": 0
            },
            "missing_lines": [
                25,
                26,
                27,
                30,
                31,
                32
            ],
            "excluded_lines": []
        }
    },
    "totals": {
        "covered_lines": 392,
        "num_statements": 436,
        "percent_covered": 89.90825688073394,
        "percent_covered_display": "90",
        "missing_lines": 44,
        "excluded_lines": 0
    }
}